<?xml version="1.0" encoding="UTF-8"?>
<!-- Generated by org.testng.reporters.JUnitReportReporter -->
<testsuite hostname="IND-ShubhamSingh-Dell3410" failures="0" tests="1" name="Timeken.Timeken.Authentication" time="27.015" errors="0" timestamp="2024-08-26T18:20:35 IST" skipped="0">
  <testcase classname="Timeken.Timeken.Authentication" name="authentication" time="27.015"/>
  <system-out/>
</testsuite> <!-- Timeken.Timeken.Authentication -->
