<?xml version="1.0" encoding="UTF-8"?>
<!-- Generated by org.testng.reporters.JUnitReportReporter -->
<testsuite hostname="IND-ShubhamSingh-Dell3410" failures="0" tests="1" name="FlipKart.FlipKart.Delivery_Page" time="0.004" errors="0" timestamp="2025-02-10T16:54:11 IST" skipped="0">
  <testcase classname="FlipKart.FlipKart.Delivery_Page" name="DeliveryScreen" time="0.004"/>
  <system-out/>
</testsuite> <!-- FlipKart.FlipKart.Delivery_Page -->
