<?xml version="1.0" encoding="UTF-8"?>
<!-- Generated by org.testng.reporters.JUnitReportReporter -->
<testsuite hostname="IND-ShubhamSingh-Dell3410" failures="0" tests="3" name="FlipKart.FlipKart.FlipKartLogin" time="20.404" errors="0" timestamp="2025-02-10T16:54:11 IST" skipped="0">
  <testcase classname="FlipKart.FlipKart.FlipKartLogin" name="flipkartLoginTest" time="20.398"/>
  <system-out/>
  <testcase classname="FlipKart.FlipKart.FlipKartLogin" name="setup" time="0.001"/>
  <system-out/>
  <testcase classname="FlipKart.FlipKart.FlipKartLogin" name="DeliveryScreen" time="0.005"/>
  <system-out/>
</testsuite> <!-- FlipKart.FlipKart.FlipKartLogin -->
